<?xml version="1.0" encoding="UTF-8"?>
<robot generator="Robot 7.2.2 (Python 3.13.3 on win32)" generated="2025-05-29T13:27:53.948421" rpa="false" schemaversion="5">
<suite id="s1" name="Signup" source="C:\Users\gu062480\QAmobile\projects\guardian\signup.robot">
<test id="s1-t1" name="Login Nativo Guardian" line="11">
<kw name="Open Application" owner="AppiumLibrary">
<kw name="Capture Page Screenshot" owner="AppiumLibrary">
<msg time="2025-05-29T13:28:15.206300" level="FAIL">No application is open</msg>
<doc>Takes a screenshot of the current page and embeds it into the log.</doc>
<status status="FAIL" start="2025-05-29T13:28:15.205981" elapsed="0.015480">No application is open</status>
</kw>
<msg time="2025-05-29T13:28:15.222466" level="WARN">Keyword 'Capture Page Screenshot' could not be run on failure: No application is open</msg>
<msg time="2025-05-29T13:28:15.222975" level="FAIL">WebDriverException: Message: An unknown server-side error occurred while processing the command. Original error: Error executing adbExec. Original error: 'Command 'C:\\Users\\gu062480\\AppData\\Local\\Android\\Sdk\\platform-tools\\adb.exe -P 5037 -s RXCW30BYHNL install C\:/Users/gu062480/QAmobile/projects/guardian/base.apk' exited with code 1'; Command output: adb: failed to install C:/Users/gu062480/QAmobile/projects/guardian/base.apk: Failure [INSTALL_FAILED_CONFLICTING_PROVIDER: Scanning Failed.: Can't install because provider name br.com.intelbras.guardianrefactor.fileprovider (in package br.com.intelbras.guardian.beta) is already used by br.com.intelbras.guardian]

Stacktrace:
UnknownError: An unknown server-side error occurred while processing the command. Original error: Error executing adbExec. Original error: 'Command 'C:\\Users\\gu062480\\AppData\\Local\\Android\\Sdk\\platform-tools\\adb.exe -P 5037 -s RXCW30BYHNL install C\:/Users/gu062480/QAmobile/projects/guardian/base.apk' exited with code 1'; Command output: adb: failed to install C:/Users/gu062480/QAmobile/projects/guardian/base.apk: Failure [INSTALL_FAILED_CONFLICTING_PROVIDER: Scanning Failed.: Can't install because provider name br.com.intelbras.guardianrefactor.fileprovider (in package br.com.intelbras.guardian.beta) is already used by br.com.intelbras.guardian]

    at getResponseForW3CError (C:\Users\gu062480\AppData\Local\Programs\Appium Server GUI\resources\app\node_modules\appium\node_modules\appium-base-driver\lib\protocol\errors.js:804:9)
    at asyncHandler (C:\Users\gu062480\AppData\Local\Programs\Appium Server GUI\resources\app\node_modules\appium\node_modules\appium-base-driver\lib\protocol\protocol.js:380:37)</msg>
<arg>http://localhost:4723/wd/hub</arg>
<arg>platformName=${PLATFORM_NAME}</arg>
<arg>deviceName=${DEVICE_NAME}</arg>
<arg>app=${APP}</arg>
<arg>automationName=${AUTOMATION_NAME}</arg>
<doc>Opens a new application to given Appium server.
Capabilities of appium server, Android and iOS,
Please check https://appium.io/docs/en/2.1/cli/args/
| *Option*            | *Man.* | *Description*     |
| remote_url          | Yes    | Appium server url |
| alias               | no     | alias             |
| strict_ssl          | No     | allows you to send commands to an invalid certificate host like a self-signed one. |</doc>
<status status="FAIL" start="2025-05-29T13:27:54.323978" elapsed="20.901105">WebDriverException: Message: An unknown server-side error occurred while processing the command. Original error: Error executing adbExec. Original error: 'Command 'C:\\Users\\gu062480\\AppData\\Local\\Android\\Sdk\\platform-tools\\adb.exe -P 5037 -s RXCW30BYHNL install C\:/Users/gu062480/QAmobile/projects/guardian/base.apk' exited with code 1'; Command output: adb: failed to install C:/Users/gu062480/QAmobile/projects/guardian/base.apk: Failure [INSTALL_FAILED_CONFLICTING_PROVIDER: Scanning Failed.: Can't install because provider name br.com.intelbras.guardianrefactor.fileprovider (in package br.com.intelbras.guardian.beta) is already used by br.com.intelbras.guardian]

Stacktrace:
UnknownError: An unknown server-side error occurred while processing the command. Original error: Error executing adbExec. Original error: 'Command 'C:\\Users\\gu062480\\AppData\\Local\\Android\\Sdk\\platform-tools\\adb.exe -P 5037 -s RXCW30BYHNL install C\:/Users/gu062480/QAmobile/projects/guardian/base.apk' exited with code 1'; Command output: adb: failed to install C:/Users/gu062480/QAmobile/projects/guardian/base.apk: Failure [INSTALL_FAILED_CONFLICTING_PROVIDER: Scanning Failed.: Can't install because provider name br.com.intelbras.guardianrefactor.fileprovider (in package br.com.intelbras.guardian.beta) is already used by br.com.intelbras.guardian]

    at getResponseForW3CError (C:\Users\gu062480\AppData\Local\Programs\Appium Server GUI\resources\app\node_modules\appium\node_modules\appium-base-driver\lib\protocol\errors.js:804:9)
    at asyncHandler (C:\Users\gu062480\AppData\Local\Programs\Appium Server GUI\resources\app\node_modules\appium\node_modules\appium-base-driver\lib\protocol\protocol.js:380:37)</status>
</kw>
<kw name="Wait Until Element Is Visible" owner="AppiumLibrary">
<arg>id=br.com.intelbras.guardian.beta:id/loginButton</arg>
<arg>20s</arg>
<doc>Waits until element specified with `locator` is visible.</doc>
<status status="NOT RUN" start="2025-05-29T13:28:15.225450" elapsed="0.000031"/>
</kw>
<kw name="Click Element" owner="AppiumLibrary">
<arg>id=br.com.intelbras.guardian.beta:id/loginButton</arg>
<doc>Click element identified by `locator`.</doc>
<status status="NOT RUN" start="2025-05-29T13:28:15.225705" elapsed="0.000025"/>
</kw>
<kw name="Wait Until Element Is Visible" owner="AppiumLibrary">
<arg>xpath=//android.widget.EditText[@resource-id="usernameUserInput"]</arg>
<arg>20s</arg>
<doc>Waits until element specified with `locator` is visible.</doc>
<status status="NOT RUN" start="2025-05-29T13:28:15.225934" elapsed="0.000022"/>
</kw>
<kw name="Input Text" owner="AppiumLibrary">
<arg>xpath=//android.widget.EditText[@resource-id="usernameUserInput"]</arg>
<arg>guiuriartedevv@gmail.com</arg>
<doc>Types the given `text` into text field identified by `locator`.</doc>
<status status="NOT RUN" start="2025-05-29T13:28:15.226143" elapsed="0.000021"/>
</kw>
<kw name="Wait Until Element Is Visible" owner="AppiumLibrary">
<arg>xpath=//android.widget.EditText[@resource-id="password"]</arg>
<arg>20s</arg>
<doc>Waits until element specified with `locator` is visible.</doc>
<status status="NOT RUN" start="2025-05-29T13:28:15.226349" elapsed="0.000023"/>
</kw>
<kw name="Input Text" owner="AppiumLibrary">
<arg>xpath=//android.widget.EditText[@resource-id="password"]</arg>
<arg>Intelbras90@@</arg>
<doc>Types the given `text` into text field identified by `locator`.</doc>
<status status="NOT RUN" start="2025-05-29T13:28:15.226555" elapsed="0.000019"/>
</kw>
<kw name="Wait Until Element Is Visible" owner="AppiumLibrary">
<arg>xpath=//android.widget.Button[@text="Entrar"]</arg>
<arg>10s</arg>
<doc>Waits until element specified with `locator` is visible.</doc>
<status status="NOT RUN" start="2025-05-29T13:28:15.226762" elapsed="0.000020"/>
</kw>
<kw name="Click Element" owner="AppiumLibrary">
<arg>xpath=//android.widget.Button[@text="Entrar"]</arg>
<doc>Click element identified by `locator`.</doc>
<status status="NOT RUN" start="2025-05-29T13:28:15.226961" elapsed="0.000019"/>
</kw>
<kw name="Wait Until Element Is Visible" owner="AppiumLibrary">
<arg>id=br.com.intelbras.guardian.beta:id/titleView</arg>
<arg>20s</arg>
<doc>Waits until element specified with `locator` is visible.</doc>
<status status="NOT RUN" start="2025-05-29T13:28:15.227350" elapsed="0.000023"/>
</kw>
<kw name="Element Should Contain Text" owner="AppiumLibrary">
<arg>id=br.com.intelbras.guardian.beta:id/titleView</arg>
<arg>Olá</arg>
<doc>Verifies element identified by ``locator`` contains text ``expected``.</doc>
<status status="NOT RUN" start="2025-05-29T13:28:15.227550" elapsed="0.000019"/>
</kw>
<kw name="Close Application" owner="AppiumLibrary">
<doc>Closes the current application and also close webdriver session.</doc>
<status status="NOT RUN" start="2025-05-29T13:28:15.227755" elapsed="0.000019"/>
</kw>
<status status="FAIL" start="2025-05-29T13:27:54.323063" elapsed="20.905688">WebDriverException: Message: An unknown server-side error occurred while processing the command. Original error: Error executing adbExec. Original error: 'Command 'C:\\Users\\gu062480\\AppData\\Local\\Android\\Sdk\\platform-tools\\adb.exe -P 5037 -s RXCW30BYHNL install C\:/Users/gu062480/QAmobile/projects/guardian/base.apk' exited with code 1'; Command output: adb: failed to install C:/Users/gu062480/QAmobile/projects/guardian/base.apk: Failure [INSTALL_FAILED_CONFLICTING_PROVIDER: Scanning Failed.: Can't install because provider name br.com.intelbras.guardianrefactor.fileprovider (in package br.com.intelbras.guardian.beta) is already used by br.com.intelbras.guardian]

Stacktrace:
UnknownError: An unknown server-side error occurred while processing the command. Original error: Error executing adbExec. Original error: 'Command 'C:\\Users\\gu062480\\AppData\\Local\\Android\\Sdk\\platform-tools\\adb.exe -P 5037 -s RXCW30BYHNL install C\:/Users/gu062480/QAmobile/projects/guardian/base.apk' exited with code 1'; Command output: adb: failed to install C:/Users/gu062480/QAmobile/projects/guardian/base.apk: Failure [INSTALL_FAILED_CONFLICTING_PROVIDER: Scanning Failed.: Can't install because provider name br.com.intelbras.guardianrefactor.fileprovider (in package br.com.intelbras.guardian.beta) is already used by br.com.intelbras.guardian]

    at getResponseForW3CError (C:\Users\gu062480\AppData\Local\Programs\Appium Server GUI\resources\app\node_modules\appium\node_modules\appium-base-driver\lib\protocol\errors.js:804:9)
    at asyncHandler (C:\Users\gu062480\AppData\Local\Programs\Appium Server GUI\resources\app\node_modules\appium\node_modules\appium-base-driver\lib\protocol\protocol.js:380:37)</status>
</test>
<status status="FAIL" start="2025-05-29T13:27:53.951479" elapsed="21.278903"/>
</suite>
<statistics>
<total>
<stat pass="0" fail="1" skip="0">All Tests</stat>
</total>
<tag>
</tag>
<suite>
<stat name="Signup" id="s1" pass="0" fail="1" skip="0">Signup</stat>
</suite>
</statistics>
<errors>
<msg time="2025-05-29T13:28:15.222466" level="WARN">Keyword 'Capture Page Screenshot' could not be run on failure: No application is open</msg>
</errors>
</robot>
