<?xml version="1.0" encoding="UTF-8"?>
<robot generator="Robot 7.2.2 (Python 3.13.3 on win32)" generated="2025-05-30T13:55:16.689809" rpa="false" schemaversion="5">
<suite id="s1" name="2-Rules &amp; 3-Group">
<suite id="s1-s1" name="2-Rules" source="C:\Users\uriarte\QAmobile\tests\2-rules.robot">
<test id="s1-s1-t1" name="Login successfully" line="20">
<kw name="Open app signup" owner="keywords">
<kw name="Open Application" owner="AppiumLibrary">
<arg>http://localhost:4723</arg>
<arg>platformName=${PLATFORM_NAME}</arg>
<arg>deviceName=${DEVICE_NAME}</arg>
<arg>app=${APP}</arg>
<arg>automationName=${AUTOMATION_NAME}</arg>
<arg>newCommandTimeout=300</arg>
<arg>uiautomator2ServerLaunchTimeout=60000</arg>
<arg>adbExecTimeout=60000</arg>
<arg>androidInstallTimeout=120000</arg>
<doc>Opens a new application to given Appium server.
Capabilities of appium server, Android and iOS,
Please check https://appium.io/docs/en/2.1/cli/args/
| *Option*            | *Man.* | *Description*     |
| remote_url          | Yes    | Appium server url |
| alias               | no     | alias             |
| strict_ssl          | No     | allows you to send commands to an invalid certificate host like a self-signed one. |</doc>
<status status="PASS" start="2025-05-30T13:55:16.876613" elapsed="13.823502"/>
</kw>
<status status="PASS" start="2025-05-30T13:55:16.876043" elapsed="13.824202"/>
</kw>
<kw name="Login sucessed" owner="keywords">
<kw name="Button login" owner="keywords">
<kw name="Wait Until Element Is Visible" owner="AppiumLibrary">
<msg time="2025-05-30T13:55:32.577459" level="INFO">criteria is br.com.intelbras.guardian:id/loginButton
criteria is br.com.intelbras.guardian:id/loginButton
criteria is br.com.intelbras.guardian:id/loginButton
criteria is br.com.intelbras.guardian:id/loginButton
criteria is br.com.intelbras.guardian:id/loginButton</msg>
<arg>id=br.com.intelbras.guardian:id/loginButton</arg>
<arg>40s</arg>
<doc>Waits until element specified with `locator` is visible.</doc>
<status status="PASS" start="2025-05-30T13:55:30.701052" elapsed="1.876473"/>
</kw>
<kw name="Click Element" owner="AppiumLibrary">
<msg time="2025-05-30T13:55:32.578380" level="INFO">Clicking element 'id=br.com.intelbras.guardian:id/loginButton'.</msg>
<msg time="2025-05-30T13:55:32.756956" level="INFO">criteria is br.com.intelbras.guardian:id/loginButton</msg>
<arg>id=br.com.intelbras.guardian:id/loginButton</arg>
<doc>Click element identified by `locator`.</doc>
<status status="PASS" start="2025-05-30T13:55:32.577634" elapsed="0.179380"/>
</kw>
<status status="PASS" start="2025-05-30T13:55:30.700862" elapsed="2.056217"/>
</kw>
<kw name="Wait Until Element Is Visible" owner="AppiumLibrary">
<msg time="2025-05-30T13:55:40.248253" level="INFO">xpath criteria: //android.webkit.WebView[@text="Conta Intelbras - O que você precisa em um só lugar"]/android.view.View[2]/android.view.View/android.view.View[2]/android.view.View[1]/android.widget.EditText
xpath criteria: //android.webkit.WebView[@text="Conta Intelbras - O que você precisa em um só lugar"]/android.view.View[2]/android.view.View/android.view.View[2]/android.view.View[1]/android.widget.EditText</msg>
<arg>xpath=//android.webkit.WebView[@text="Conta Intelbras - O que você precisa em um só lugar"]/android.view.View[2]/android.view.View/android.view.View[2]/android.view.View[1]/android.widget.EditText</arg>
<arg>40s</arg>
<doc>Waits until element specified with `locator` is visible.</doc>
<status status="PASS" start="2025-05-30T13:55:32.757174" elapsed="7.491143"/>
</kw>
<kw name="Input Text" owner="AppiumLibrary">
<msg time="2025-05-30T13:55:40.249125" level="INFO">Typing text 'guiuriarte@gmail.com' into text field 'xpath=//android.webkit.WebView[@text="Conta Intelbras - O que você precisa em um só lugar"]/android.view.View[2]/android.view.View/android.view.View[2]/android.view.View[1]/android.widget.EditText'</msg>
<msg time="2025-05-30T13:55:41.217993" level="INFO">xpath criteria: //android.webkit.WebView[@text="Conta Intelbras - O que você precisa em um só lugar"]/android.view.View[2]/android.view.View/android.view.View[2]/android.view.View[1]/android.widget.EditText</msg>
<arg>xpath=//android.webkit.WebView[@text="Conta Intelbras - O que você precisa em um só lugar"]/android.view.View[2]/android.view.View/android.view.View[2]/android.view.View[1]/android.widget.EditText</arg>
<arg>guiuriarte@gmail.com</arg>
<doc>Types the given `text` into text field identified by `locator`.</doc>
<status status="PASS" start="2025-05-30T13:55:40.248437" elapsed="0.969619"/>
</kw>
<kw name="Wait Until Element Is Visible" owner="AppiumLibrary">
<msg time="2025-05-30T13:55:42.091616" level="INFO">xpath criteria: //android.webkit.WebView[@text="Conta Intelbras - O que você precisa em um só lugar"]/android.view.View[2]/android.view.View/android.view.View[2]/android.view.View[2]/android.widget.EditText</msg>
<arg>xpath=//android.webkit.WebView[@text="Conta Intelbras - O que você precisa em um só lugar"]/android.view.View[2]/android.view.View/android.view.View[2]/android.view.View[2]/android.widget.EditText</arg>
<arg>40s</arg>
<doc>Waits until element specified with `locator` is visible.</doc>
<status status="PASS" start="2025-05-30T13:55:41.218170" elapsed="0.873503"/>
</kw>
<kw name="Input Text" owner="AppiumLibrary">
<msg time="2025-05-30T13:55:42.092452" level="INFO">Typing text 'Intelbras90@' into text field 'xpath=//android.webkit.WebView[@text="Conta Intelbras - O que você precisa em um só lugar"]/android.view.View[2]/android.view.View/android.view.View[2]/android.view.View[2]/android.widget.EditText'</msg>
<msg time="2025-05-30T13:55:42.881816" level="INFO">xpath criteria: //android.webkit.WebView[@text="Conta Intelbras - O que você precisa em um só lugar"]/android.view.View[2]/android.view.View/android.view.View[2]/android.view.View[2]/android.widget.EditText</msg>
<arg>xpath=//android.webkit.WebView[@text="Conta Intelbras - O que você precisa em um só lugar"]/android.view.View[2]/android.view.View/android.view.View[2]/android.view.View[2]/android.widget.EditText</arg>
<arg>Intelbras90@</arg>
<doc>Types the given `text` into text field identified by `locator`.</doc>
<status status="PASS" start="2025-05-30T13:55:42.091787" elapsed="0.790089"/>
</kw>
<kw name="Wait Until Element Is Visible" owner="AppiumLibrary">
<msg time="2025-05-30T13:55:43.580385" level="INFO">xpath criteria: //android.widget.Button[@text="Entrar"]</msg>
<arg>xpath=//android.widget.Button[@text="Entrar"]</arg>
<arg>40s</arg>
<doc>Waits until element specified with `locator` is visible.</doc>
<status status="PASS" start="2025-05-30T13:55:42.881993" elapsed="0.698449"/>
</kw>
<kw name="Click Element" owner="AppiumLibrary">
<msg time="2025-05-30T13:55:43.581233" level="INFO">Clicking element 'xpath=//android.widget.Button[@text="Entrar"]'.</msg>
<msg time="2025-05-30T13:55:44.306190" level="INFO">xpath criteria: //android.widget.Button[@text="Entrar"]</msg>
<arg>xpath=//android.widget.Button[@text="Entrar"]</arg>
<doc>Click element identified by `locator`.</doc>
<status status="PASS" start="2025-05-30T13:55:43.580557" elapsed="0.725691"/>
</kw>
<kw name="Wait Until Element Is Visible" owner="AppiumLibrary">
<msg time="2025-05-30T13:56:02.249004" level="INFO">xpath criteria: //android.widget.Button[@resource-id="br.com.intelbras.guardian:id/continueButton"]
xpath criteria: //android.widget.Button[@resource-id="br.com.intelbras.guardian:id/continueButton"]
xpath criteria: //android.widget.Button[@resource-id="br.com.intelbras.guardian:id/continueButton"]
xpath criteria: //android.widget.Button[@resource-id="br.com.intelbras.guardian:id/continueButton"]
xpath criteria: //android.widget.Button[@resource-id="br.com.intelbras.guardian:id/continueButton"]
xpath criteria: //android.widget.Button[@resource-id="br.com.intelbras.guardian:id/continueButton"]
xpath criteria: //android.widget.Button[@resource-id="br.com.intelbras.guardian:id/continueButton"]
xpath criteria: //android.widget.Button[@resource-id="br.com.intelbras.guardian:id/continueButton"]
xpath criteria: //android.widget.Button[@resource-id="br.com.intelbras.guardian:id/continueButton"]
xpath criteria: //android.widget.Button[@resource-id="br.com.intelbras.guardian:id/continueButton"]
xpath criteria: //android.widget.Button[@resource-id="br.com.intelbras.guardian:id/continueButton"]
xpath criteria: //android.widget.Button[@resource-id="br.com.intelbras.guardian:id/continueButton"]
xpath criteria: //android.widget.Button[@resource-id="br.com.intelbras.guardian:id/continueButton"]
xpath criteria: //android.widget.Button[@resource-id="br.com.intelbras.guardian:id/continueButton"]
xpath criteria: //android.widget.Button[@resource-id="br.com.intelbras.guardian:id/continueButton"]
xpath criteria: //android.widget.Button[@resource-id="br.com.intelbras.guardian:id/continueButton"]
xpath criteria: //android.widget.Button[@resource-id="br.com.intelbras.guardian:id/continueButton"]
xpath criteria: //android.widget.Button[@resource-id="br.com.intelbras.guardian:id/continueButton"]
xpath criteria: //android.widget.Button[@resource-id="br.com.intelbras.guardian:id/continueButton"]
xpath criteria: //android.widget.Button[@resource-id="br.com.intelbras.guardian:id/continueButton"]
xpath criteria: //android.widget.Button[@resource-id="br.com.intelbras.guardian:id/continueButton"]
xpath criteria: //android.widget.Button[@resource-id="br.com.intelbras.guardian:id/continueButton"]
xpath criteria: //android.widget.Button[@resource-id="br.com.intelbras.guardian:id/continueButton"]
xpath criteria: //android.widget.Button[@resource-id="br.com.intelbras.guardian:id/continueButton"]</msg>
<arg>xpath=//android.widget.Button[@resource-id="br.com.intelbras.guardian:id/continueButton"]</arg>
<arg>40s</arg>
<doc>Waits until element specified with `locator` is visible.</doc>
<status status="PASS" start="2025-05-30T13:55:44.306355" elapsed="17.942816"/>
</kw>
<kw name="Click Element" owner="AppiumLibrary">
<msg time="2025-05-30T13:56:02.249971" level="INFO">Clicking element 'xpath=//android.widget.Button[@resource-id="br.com.intelbras.guardian:id/continueButton"]'.</msg>
<msg time="2025-05-30T13:56:02.529854" level="INFO">xpath criteria: //android.widget.Button[@resource-id="br.com.intelbras.guardian:id/continueButton"]</msg>
<arg>xpath=//android.widget.Button[@resource-id="br.com.intelbras.guardian:id/continueButton"]</arg>
<doc>Click element identified by `locator`.</doc>
<status status="PASS" start="2025-05-30T13:56:02.249290" elapsed="0.280622"/>
</kw>
<kw name="Wait Until Element Is Visible" owner="AppiumLibrary">
<msg time="2025-05-30T13:56:03.704587" level="INFO">xpath criteria: //android.widget.Button[@resource-id="br.com.intelbras.guardian:id/startToUseButton"]</msg>
<arg>xpath=//android.widget.Button[@resource-id="br.com.intelbras.guardian:id/startToUseButton"]</arg>
<arg>40s</arg>
<doc>Waits until element specified with `locator` is visible.</doc>
<status status="PASS" start="2025-05-30T13:56:02.530032" elapsed="1.174610"/>
</kw>
<kw name="Click Element" owner="AppiumLibrary">
<msg time="2025-05-30T13:56:03.705482" level="INFO">Clicking element 'xpath=//android.widget.Button[@resource-id="br.com.intelbras.guardian:id/startToUseButton"]'.</msg>
<msg time="2025-05-30T13:56:03.961244" level="INFO">xpath criteria: //android.widget.Button[@resource-id="br.com.intelbras.guardian:id/startToUseButton"]</msg>
<arg>xpath=//android.widget.Button[@resource-id="br.com.intelbras.guardian:id/startToUseButton"]</arg>
<doc>Click element identified by `locator`.</doc>
<status status="PASS" start="2025-05-30T13:56:03.704750" elapsed="0.256550"/>
</kw>
<status status="PASS" start="2025-05-30T13:55:30.700614" elapsed="33.260746"/>
</kw>
<kw name="Logo dashboard view" owner="keywords">
<kw name="Wait Until Element Is Visible" owner="AppiumLibrary">
<msg time="2025-05-30T13:56:06.291314" level="INFO">criteria is br.com.intelbras.guardian:id/intelbrasLogoView
criteria is br.com.intelbras.guardian:id/intelbrasLogoView</msg>
<arg>id=br.com.intelbras.guardian:id/intelbrasLogoView</arg>
<arg>40s</arg>
<doc>Waits until element specified with `locator` is visible.</doc>
<status status="PASS" start="2025-05-30T13:56:03.961809" elapsed="2.329565"/>
</kw>
<status status="PASS" start="2025-05-30T13:56:03.961627" elapsed="2.329807"/>
</kw>
<kw name="Close app" owner="keywords">
<kw name="Close Application" owner="AppiumLibrary">
<doc>Closes the current application and also close webdriver session.</doc>
<status status="PASS" start="2025-05-30T13:56:06.291900" elapsed="1.123173"/>
</kw>
<status status="PASS" start="2025-05-30T13:56:06.291701" elapsed="1.123441"/>
</kw>
<tag>login</tag>
<status status="PASS" start="2025-05-30T13:55:16.875505" elapsed="50.539840"/>
</test>
<test id="s1-s1-t2" name="Add association rule" line="31">
<kw name="Open app" owner="keywords">
<kw name="Open Application" owner="AppiumLibrary">
<arg>http://localhost:4723</arg>
<arg>platformName=${PLATFORM_NAME}</arg>
<arg>deviceName=${DEVICE_NAME}</arg>
<arg>app=${APP}</arg>
<arg>automationName=${AUTOMATION_NAME}</arg>
<arg>noReset=${True}</arg>
<arg>newCommandTimeout=300</arg>
<arg>uiautomator2ServerLaunchTimeout=60000</arg>
<arg>adbExecTimeout=60000</arg>
<arg>androidInstallTimeout=120000</arg>
<doc>Opens a new application to given Appium server.
Capabilities of appium server, Android and iOS,
Please check https://appium.io/docs/en/2.1/cli/args/
| *Option*            | *Man.* | *Description*     |
| remote_url          | Yes    | Appium server url |
| alias               | no     | alias             |
| strict_ssl          | No     | allows you to send commands to an invalid certificate host like a self-signed one. |</doc>
<status status="PASS" start="2025-05-30T13:56:07.416214" elapsed="12.644736"/>
</kw>
<status status="PASS" start="2025-05-30T13:56:07.416042" elapsed="12.645034"/>
</kw>
<kw name="Button add" owner="keywords">
<kw name="Wait Until Element Is Visible" owner="AppiumLibrary">
<msg time="2025-05-30T13:56:24.366733" level="INFO">xpath criteria: //android.widget.LinearLayout[@content-desc="BOTTOM_NAV_BUTTON-Adicionar"]</msg>
<arg>xpath=//android.widget.LinearLayout[@content-desc="BOTTOM_NAV_BUTTON-Adicionar"]</arg>
<arg>40s</arg>
<doc>Waits until element specified with `locator` is visible.</doc>
<status status="PASS" start="2025-05-30T13:56:20.061500" elapsed="4.305292"/>
</kw>
<kw name="Click Element" owner="AppiumLibrary">
<msg time="2025-05-30T13:56:24.367571" level="INFO">Clicking element 'xpath=//android.widget.LinearLayout[@content-desc="BOTTOM_NAV_BUTTON-Adicionar"]'.</msg>
<msg time="2025-05-30T13:56:25.358566" level="INFO">xpath criteria: //android.widget.LinearLayout[@content-desc="BOTTOM_NAV_BUTTON-Adicionar"]</msg>
<arg>xpath=//android.widget.LinearLayout[@content-desc="BOTTOM_NAV_BUTTON-Adicionar"]</arg>
<doc>Click element identified by `locator`.</doc>
<status status="PASS" start="2025-05-30T13:56:24.366900" elapsed="0.991728"/>
</kw>
<status status="PASS" start="2025-05-30T13:56:20.061313" elapsed="5.297377"/>
</kw>
<kw name="Wait Until Element Is Visible" owner="AppiumLibrary">
<msg time="2025-05-30T13:56:26.171378" level="INFO">xpath criteria: //android.view.ViewGroup[@content-desc="BUTTON-Regra de associação"]</msg>
<arg>xpath=//android.view.ViewGroup[@content-desc="BUTTON-Regra de associação"]</arg>
<arg>40s</arg>
<doc>Waits until element specified with `locator` is visible.</doc>
<status status="PASS" start="2025-05-30T13:56:25.358944" elapsed="0.812492"/>
</kw>
<kw name="Click Element" owner="AppiumLibrary">
<msg time="2025-05-30T13:56:26.172416" level="INFO">Clicking element 'xpath=//android.view.ViewGroup[@content-desc="BUTTON-Regra de associação"]'.</msg>
<msg time="2025-05-30T13:56:26.657111" level="INFO">xpath criteria: //android.view.ViewGroup[@content-desc="BUTTON-Regra de associação"]</msg>
<arg>xpath=//android.view.ViewGroup[@content-desc="BUTTON-Regra de associação"]</arg>
<doc>Click element identified by `locator`.</doc>
<status status="PASS" start="2025-05-30T13:56:26.171700" elapsed="0.485469"/>
</kw>
<kw name="Wait Until Element Is Visible" owner="AppiumLibrary">
<msg time="2025-05-30T13:56:28.463337" level="INFO">xpath criteria: //android.widget.EditText[@resource-id="br.com.intelbras.guardian:id/nameEditText"]
xpath criteria: //android.widget.EditText[@resource-id="br.com.intelbras.guardian:id/nameEditText"]</msg>
<arg>xpath=//android.widget.EditText[@resource-id="br.com.intelbras.guardian:id/nameEditText"]</arg>
<arg>40s</arg>
<doc>Waits until element specified with `locator` is visible.</doc>
<status status="PASS" start="2025-05-30T13:56:26.657421" elapsed="1.805974"/>
</kw>
<kw name="Input Text" owner="AppiumLibrary">
<msg time="2025-05-30T13:56:28.464481" level="INFO">Typing text 'teste123' into text field 'xpath=//android.widget.EditText[@resource-id="br.com.intelbras.guardian:id/nameEditText"]'</msg>
<msg time="2025-05-30T13:56:29.770935" level="INFO">xpath criteria: //android.widget.EditText[@resource-id="br.com.intelbras.guardian:id/nameEditText"]</msg>
<arg>xpath=//android.widget.EditText[@resource-id="br.com.intelbras.guardian:id/nameEditText"]</arg>
<arg>teste123</arg>
<doc>Types the given `text` into text field identified by `locator`.</doc>
<status status="PASS" start="2025-05-30T13:56:28.463717" elapsed="1.307277"/>
</kw>
<kw name="Wait Until Element Is Visible" owner="AppiumLibrary">
<msg time="2025-05-30T13:56:30.689594" level="INFO">xpath criteria: //android.view.ViewGroup[@content-desc="CARD-Origem"]</msg>
<arg>xpath=//android.view.ViewGroup[@content-desc="CARD-Origem"]</arg>
<arg>40s</arg>
<doc>Waits until element specified with `locator` is visible.</doc>
<status status="PASS" start="2025-05-30T13:56:29.771272" elapsed="0.918395"/>
</kw>
<kw name="Click Element" owner="AppiumLibrary">
<msg time="2025-05-30T13:56:30.690701" level="INFO">Clicking element 'xpath=//android.view.ViewGroup[@content-desc="CARD-Origem"]'.</msg>
<msg time="2025-05-30T13:56:31.088303" level="INFO">xpath criteria: //android.view.ViewGroup[@content-desc="CARD-Origem"]</msg>
<arg>xpath=//android.view.ViewGroup[@content-desc="CARD-Origem"]</arg>
<doc>Click element identified by `locator`.</doc>
<status status="PASS" start="2025-05-30T13:56:30.690011" elapsed="0.398350"/>
</kw>
<kw name="Wait Until Element Is Visible" owner="AppiumLibrary">
<msg time="2025-05-30T13:56:32.002150" level="INFO">xpath criteria: //android.widget.TextView[@resource-id="br.com.intelbras.guardian:id/dialogDescription"]</msg>
<arg>xpath=//android.widget.TextView[@resource-id="br.com.intelbras.guardian:id/dialogDescription"]</arg>
<arg>40s</arg>
<doc>Waits until element specified with `locator` is visible.</doc>
<status status="PASS" start="2025-05-30T13:56:31.088620" elapsed="0.913587"/>
</kw>
<kw name="Wait Until Element Is Visible" owner="AppiumLibrary">
<msg time="2025-05-30T13:56:32.335178" level="INFO">xpath criteria: //androidx.recyclerview.widget.RecyclerView[@resource-id="br.com.intelbras.guardian:id/recyclerView"]/android.widget.LinearLayout</msg>
<arg>xpath=//androidx.recyclerview.widget.RecyclerView[@resource-id="br.com.intelbras.guardian:id/recyclerView"]/android.widget.LinearLayout</arg>
<arg>40s</arg>
<doc>Waits until element specified with `locator` is visible.</doc>
<status status="PASS" start="2025-05-30T13:56:32.002771" elapsed="0.332464"/>
</kw>
<kw name="Click Element" owner="AppiumLibrary">
<msg time="2025-05-30T13:56:32.336185" level="INFO">Clicking element 'xpath=//androidx.recyclerview.widget.RecyclerView[@resource-id="br.com.intelbras.guardian:id/recyclerView"]/android.widget.LinearLayout'.</msg>
<msg time="2025-05-30T13:56:32.688337" level="INFO">xpath criteria: //androidx.recyclerview.widget.RecyclerView[@resource-id="br.com.intelbras.guardian:id/recyclerView"]/android.widget.LinearLayout</msg>
<arg>xpath=//androidx.recyclerview.widget.RecyclerView[@resource-id="br.com.intelbras.guardian:id/recyclerView"]/android.widget.LinearLayout</arg>
<doc>Click element identified by `locator`.</doc>
<status status="PASS" start="2025-05-30T13:56:32.335490" elapsed="0.352916"/>
</kw>
<kw name="Wait Until Element Is Visible" owner="AppiumLibrary">
<msg time="2025-05-30T13:56:33.473002" level="INFO">xpath criteria: //androidx.recyclerview.widget.RecyclerView[@resource-id="br.com.intelbras.guardian:id/sectorsRecyclerView"]/android.view.ViewGroup[1]</msg>
<arg>xpath=//androidx.recyclerview.widget.RecyclerView[@resource-id="br.com.intelbras.guardian:id/sectorsRecyclerView"]/android.view.ViewGroup[1]</arg>
<arg>40s</arg>
<doc>Waits until element specified with `locator` is visible.</doc>
<status status="PASS" start="2025-05-30T13:56:32.688716" elapsed="0.784343"/>
</kw>
<kw name="Click Element" owner="AppiumLibrary">
<msg time="2025-05-30T13:56:33.473991" level="INFO">Clicking element 'xpath=//androidx.recyclerview.widget.RecyclerView[@resource-id="br.com.intelbras.guardian:id/sectorsRecyclerView"]/android.view.ViewGroup[1]'.</msg>
<msg time="2025-05-30T13:56:33.975011" level="INFO">xpath criteria: //androidx.recyclerview.widget.RecyclerView[@resource-id="br.com.intelbras.guardian:id/sectorsRecyclerView"]/android.view.ViewGroup[1]</msg>
<arg>xpath=//androidx.recyclerview.widget.RecyclerView[@resource-id="br.com.intelbras.guardian:id/sectorsRecyclerView"]/android.view.ViewGroup[1]</arg>
<doc>Click element identified by `locator`.</doc>
<status status="PASS" start="2025-05-30T13:56:33.473308" elapsed="0.501758"/>
</kw>
<kw name="Wait Until Element Is Visible" owner="AppiumLibrary">
<msg time="2025-05-30T13:56:34.958483" level="INFO">xpath criteria: //android.widget.Button[@resource-id="br.com.intelbras.guardian:id/save"]</msg>
<arg>xpath=//android.widget.Button[@resource-id="br.com.intelbras.guardian:id/save"]</arg>
<arg>40s</arg>
<doc>Waits until element specified with `locator` is visible.</doc>
<status status="PASS" start="2025-05-30T13:56:33.975315" elapsed="0.983224"/>
</kw>
<kw name="Click Element" owner="AppiumLibrary">
<msg time="2025-05-30T13:56:34.959474" level="INFO">Clicking element 'xpath=//android.widget.Button[@resource-id="br.com.intelbras.guardian:id/save"]'.</msg>
<msg time="2025-05-30T13:56:35.417117" level="INFO">xpath criteria: //android.widget.Button[@resource-id="br.com.intelbras.guardian:id/save"]</msg>
<arg>xpath=//android.widget.Button[@resource-id="br.com.intelbras.guardian:id/save"]</arg>
<doc>Click element identified by `locator`.</doc>
<status status="PASS" start="2025-05-30T13:56:34.958788" elapsed="0.458384"/>
</kw>
<kw name="Wait Until Element Is Visible" owner="AppiumLibrary">
<msg time="2025-05-30T13:56:36.294743" level="INFO">xpath criteria: //android.view.ViewGroup[@content-desc="CARD-Ação"]</msg>
<arg>xpath=//android.view.ViewGroup[@content-desc="CARD-Ação"]</arg>
<arg>40s</arg>
<doc>Waits until element specified with `locator` is visible.</doc>
<status status="PASS" start="2025-05-30T13:56:35.417421" elapsed="0.877378"/>
</kw>
<kw name="Click Element" owner="AppiumLibrary">
<msg time="2025-05-30T13:56:36.295740" level="INFO">Clicking element 'xpath=//android.view.ViewGroup[@content-desc="CARD-Ação"]'.</msg>
<msg time="2025-05-30T13:56:36.675471" level="INFO">xpath criteria: //android.view.ViewGroup[@content-desc="CARD-Ação"]</msg>
<arg>xpath=//android.view.ViewGroup[@content-desc="CARD-Ação"]</arg>
<doc>Click element identified by `locator`.</doc>
<status status="PASS" start="2025-05-30T13:56:36.295061" elapsed="0.380466"/>
</kw>
<kw name="Wait Until Element Is Visible" owner="AppiumLibrary">
<msg time="2025-05-30T13:56:37.705944" level="INFO">xpath criteria: //android.widget.TextView[@resource-id="br.com.intelbras.guardian:id/dialogDescription"]</msg>
<arg>xpath=//android.widget.TextView[@resource-id="br.com.intelbras.guardian:id/dialogDescription"]</arg>
<arg>40s</arg>
<doc>Waits until element specified with `locator` is visible.</doc>
<status status="PASS" start="2025-05-30T13:56:36.676063" elapsed="1.029937"/>
</kw>
<kw name="Wait Until Element Is Visible" owner="AppiumLibrary">
<msg time="2025-05-30T13:56:38.113831" level="INFO">xpath criteria: (//android.view.ViewGroup[@resource-id="br.com.intelbras.guardian:id/addChannelCardHeader"])[1]</msg>
<arg>xpath=(//android.view.ViewGroup[@resource-id="br.com.intelbras.guardian:id/addChannelCardHeader"])[1]</arg>
<arg>40s</arg>
<doc>Waits until element specified with `locator` is visible.</doc>
<status status="PASS" start="2025-05-30T13:56:37.706278" elapsed="0.407610"/>
</kw>
<kw name="Click Element" owner="AppiumLibrary">
<msg time="2025-05-30T13:56:38.114833" level="INFO">Clicking element 'xpath=(//android.view.ViewGroup[@resource-id="br.com.intelbras.guardian:id/addChannelCardHeader"])[1]'.</msg>
<msg time="2025-05-30T13:56:38.536870" level="INFO">xpath criteria: (//android.view.ViewGroup[@resource-id="br.com.intelbras.guardian:id/addChannelCardHeader"])[1]</msg>
<arg>xpath=(//android.view.ViewGroup[@resource-id="br.com.intelbras.guardian:id/addChannelCardHeader"])[1]</arg>
<doc>Click element identified by `locator`.</doc>
<status status="PASS" start="2025-05-30T13:56:38.114142" elapsed="0.422784"/>
</kw>
<kw name="Wait Until Element Is Visible" owner="AppiumLibrary">
<msg time="2025-05-30T13:56:39.549116" level="INFO">xpath criteria: //android.widget.TextView[@resource-id="br.com.intelbras.guardian:id/channelNameChip"]</msg>
<arg>xpath=//android.widget.TextView[@resource-id="br.com.intelbras.guardian:id/channelNameChip"]</arg>
<arg>40s</arg>
<doc>Waits until element specified with `locator` is visible.</doc>
<status status="PASS" start="2025-05-30T13:56:38.537183" elapsed="1.011988"/>
</kw>
<kw name="Click Element" owner="AppiumLibrary">
<msg time="2025-05-30T13:56:39.550149" level="INFO">Clicking element 'xpath=//android.widget.TextView[@resource-id="br.com.intelbras.guardian:id/channelNameChip"]'.</msg>
<msg time="2025-05-30T13:56:39.925191" level="INFO">xpath criteria: //android.widget.TextView[@resource-id="br.com.intelbras.guardian:id/channelNameChip"]</msg>
<arg>xpath=//android.widget.TextView[@resource-id="br.com.intelbras.guardian:id/channelNameChip"]</arg>
<doc>Click element identified by `locator`.</doc>
<status status="PASS" start="2025-05-30T13:56:39.549421" elapsed="0.375866"/>
</kw>
<kw name="Wait Until Element Is Visible" owner="AppiumLibrary">
<msg time="2025-05-30T13:56:40.785102" level="INFO">xpath criteria: //android.widget.Button[@resource-id="br.com.intelbras.guardian:id/save"]</msg>
<arg>xpath=//android.widget.Button[@resource-id="br.com.intelbras.guardian:id/save"]</arg>
<arg>40s</arg>
<doc>Waits until element specified with `locator` is visible.</doc>
<status status="PASS" start="2025-05-30T13:56:39.925545" elapsed="0.859631"/>
</kw>
<kw name="Click Element" owner="AppiumLibrary">
<msg time="2025-05-30T13:56:40.786252" level="INFO">Clicking element 'xpath=//android.widget.Button[@resource-id="br.com.intelbras.guardian:id/save"]'.</msg>
<msg time="2025-05-30T13:56:41.142866" level="INFO">xpath criteria: //android.widget.Button[@resource-id="br.com.intelbras.guardian:id/save"]</msg>
<arg>xpath=//android.widget.Button[@resource-id="br.com.intelbras.guardian:id/save"]</arg>
<doc>Click element identified by `locator`.</doc>
<status status="PASS" start="2025-05-30T13:56:40.785567" elapsed="0.357354"/>
</kw>
<kw name="Wait Until Element Is Visible" owner="AppiumLibrary">
<msg time="2025-05-30T13:56:41.943469" level="INFO">xpath criteria: //android.widget.Button[@resource-id="br.com.intelbras.guardian:id/save"]</msg>
<arg>xpath=//android.widget.Button[@resource-id="br.com.intelbras.guardian:id/save"]</arg>
<arg>40s</arg>
<doc>Waits until element specified with `locator` is visible.</doc>
<status status="PASS" start="2025-05-30T13:56:41.143171" elapsed="0.800363"/>
</kw>
<kw name="Click Element" owner="AppiumLibrary">
<msg time="2025-05-30T13:56:41.944820" level="INFO">Clicking element 'xpath=//android.widget.Button[@resource-id="br.com.intelbras.guardian:id/save"]'.</msg>
<msg time="2025-05-30T13:56:42.273078" level="INFO">xpath criteria: //android.widget.Button[@resource-id="br.com.intelbras.guardian:id/save"]</msg>
<arg>xpath=//android.widget.Button[@resource-id="br.com.intelbras.guardian:id/save"]</arg>
<doc>Click element identified by `locator`.</doc>
<status status="PASS" start="2025-05-30T13:56:41.944097" elapsed="0.329037"/>
</kw>
<kw name="Wait Until Element Is Visible" owner="AppiumLibrary">
<msg time="2025-05-30T13:56:43.962860" level="INFO">xpath criteria: //android.widget.Button[@resource-id="android:id/button1"]</msg>
<arg>xpath=//android.widget.Button[@resource-id="android:id/button1"]</arg>
<arg>40s</arg>
<doc>Waits until element specified with `locator` is visible.</doc>
<status status="PASS" start="2025-05-30T13:56:42.273385" elapsed="1.689543"/>
</kw>
<kw name="Click Element" owner="AppiumLibrary">
<msg time="2025-05-30T13:56:43.963860" level="INFO">Clicking element 'xpath=//android.widget.Button[@resource-id="android:id/button1"]'.</msg>
<msg time="2025-05-30T13:56:44.251993" level="INFO">xpath criteria: //android.widget.Button[@resource-id="android:id/button1"]</msg>
<arg>xpath=//android.widget.Button[@resource-id="android:id/button1"]</arg>
<doc>Click element identified by `locator`.</doc>
<status status="PASS" start="2025-05-30T13:56:43.963197" elapsed="0.288851"/>
</kw>
<kw name="Logo dashboard view" owner="keywords">
<kw name="Wait Until Element Is Visible" owner="AppiumLibrary">
<msg time="2025-05-30T13:56:45.658741" level="INFO">criteria is br.com.intelbras.guardian:id/intelbrasLogoView</msg>
<arg>id=br.com.intelbras.guardian:id/intelbrasLogoView</arg>
<arg>40s</arg>
<doc>Waits until element specified with `locator` is visible.</doc>
<status status="PASS" start="2025-05-30T13:56:44.252580" elapsed="1.406223"/>
</kw>
<status status="PASS" start="2025-05-30T13:56:44.252354" elapsed="1.406513"/>
</kw>
<kw name="Close app" owner="keywords">
<kw name="Close Application" owner="AppiumLibrary">
<doc>Closes the current application and also close webdriver session.</doc>
<status status="PASS" start="2025-05-30T13:56:45.659323" elapsed="0.714643"/>
</kw>
<status status="PASS" start="2025-05-30T13:56:45.659144" elapsed="0.714922"/>
</kw>
<tag>add-rule</tag>
<status status="PASS" start="2025-05-30T13:56:07.415752" elapsed="38.958512"/>
</test>
<status status="PASS" start="2025-05-30T13:55:16.714128" elapsed="89.660693"/>
</suite>
<suite id="s1-s2" name="3-Group" source="C:\Users\uriarte\QAmobile\tests\3-group.robot">
<test id="s1-s2-t1" name="Add group" line="20">
<kw name="Open app" owner="keywords">
<kw name="Open Application" owner="AppiumLibrary">
<arg>http://localhost:4723</arg>
<arg>platformName=${PLATFORM_NAME}</arg>
<arg>deviceName=${DEVICE_NAME}</arg>
<arg>app=${APP}</arg>
<arg>automationName=${AUTOMATION_NAME}</arg>
<arg>noReset=${True}</arg>
<arg>newCommandTimeout=300</arg>
<arg>uiautomator2ServerLaunchTimeout=60000</arg>
<arg>adbExecTimeout=60000</arg>
<arg>androidInstallTimeout=120000</arg>
<doc>Opens a new application to given Appium server.
Capabilities of appium server, Android and iOS,
Please check https://appium.io/docs/en/2.1/cli/args/
| *Option*            | *Man.* | *Description*     |
| remote_url          | Yes    | Appium server url |
| alias               | no     | alias             |
| strict_ssl          | No     | allows you to send commands to an invalid certificate host like a self-signed one. |</doc>
<status status="PASS" start="2025-05-30T13:56:46.379013" elapsed="10.360088"/>
</kw>
<status status="PASS" start="2025-05-30T13:56:46.378846" elapsed="10.360342"/>
</kw>
<kw name="Button add" owner="keywords">
<kw name="Wait Until Element Is Visible" owner="AppiumLibrary">
<msg time="2025-05-30T13:56:59.957215" level="INFO">xpath criteria: //android.widget.LinearLayout[@content-desc="BOTTOM_NAV_BUTTON-Adicionar"]</msg>
<arg>xpath=//android.widget.LinearLayout[@content-desc="BOTTOM_NAV_BUTTON-Adicionar"]</arg>
<arg>40s</arg>
<doc>Waits until element specified with `locator` is visible.</doc>
<status status="PASS" start="2025-05-30T13:56:56.739628" elapsed="3.217645"/>
</kw>
<kw name="Click Element" owner="AppiumLibrary">
<msg time="2025-05-30T13:56:59.958056" level="INFO">Clicking element 'xpath=//android.widget.LinearLayout[@content-desc="BOTTOM_NAV_BUTTON-Adicionar"]'.</msg>
<msg time="2025-05-30T13:57:00.965225" level="INFO">xpath criteria: //android.widget.LinearLayout[@content-desc="BOTTOM_NAV_BUTTON-Adicionar"]</msg>
<arg>xpath=//android.widget.LinearLayout[@content-desc="BOTTOM_NAV_BUTTON-Adicionar"]</arg>
<doc>Click element identified by `locator`.</doc>
<status status="PASS" start="2025-05-30T13:56:59.957380" elapsed="1.007901"/>
</kw>
<status status="PASS" start="2025-05-30T13:56:56.739449" elapsed="4.225892"/>
</kw>
<kw name="Wait Until Element Is Visible" owner="AppiumLibrary">
<msg time="2025-05-30T13:57:02.594536" level="INFO">xpath criteria: //android.view.ViewGroup[@content-desc="BUTTON-Grupo"]</msg>
<arg>xpath=//android.view.ViewGroup[@content-desc="BUTTON-Grupo"]</arg>
<arg>40s</arg>
<doc>Waits until element specified with `locator` is visible.</doc>
<status status="PASS" start="2025-05-30T13:57:00.965567" elapsed="1.629025"/>
</kw>
<kw name="Click Element" owner="AppiumLibrary">
<msg time="2025-05-30T13:57:02.595525" level="INFO">Clicking element 'xpath=//android.view.ViewGroup[@content-desc="BUTTON-Grupo"]'.</msg>
<msg time="2025-05-30T13:57:03.124536" level="INFO">xpath criteria: //android.view.ViewGroup[@content-desc="BUTTON-Grupo"]</msg>
<arg>xpath=//android.view.ViewGroup[@content-desc="BUTTON-Grupo"]</arg>
<doc>Click element identified by `locator`.</doc>
<status status="PASS" start="2025-05-30T13:57:02.594846" elapsed="0.529746"/>
</kw>
<kw name="Wait Until Element Is Visible" owner="AppiumLibrary">
<msg time="2025-05-30T13:57:04.680147" level="INFO">xpath criteria: //android.widget.TextView[@resource-id="br.com.intelbras.guardian:id/groupTip"]</msg>
<arg>xpath=//android.widget.TextView[@resource-id="br.com.intelbras.guardian:id/groupTip"]</arg>
<arg>40s</arg>
<doc>Waits until element specified with `locator` is visible.</doc>
<status status="PASS" start="2025-05-30T13:57:03.124846" elapsed="1.555355"/>
</kw>
<kw name="Wait Until Element Is Visible" owner="AppiumLibrary">
<msg time="2025-05-30T13:57:05.080686" level="INFO">xpath criteria: //android.widget.EditText[@resource-id="br.com.intelbras.guardian:id/nameEditText"]</msg>
<arg>xpath=//android.widget.EditText[@resource-id="br.com.intelbras.guardian:id/nameEditText"]</arg>
<arg>40s</arg>
<doc>Waits until element specified with `locator` is visible.</doc>
<status status="PASS" start="2025-05-30T13:57:04.680528" elapsed="0.400215"/>
</kw>
<kw name="Input Text" owner="AppiumLibrary">
<msg time="2025-05-30T13:57:05.081659" level="INFO">Typing text 'teste123' into text field 'xpath=//android.widget.EditText[@resource-id="br.com.intelbras.guardian:id/nameEditText"]'</msg>
<msg time="2025-05-30T13:57:06.214659" level="INFO">xpath criteria: //android.widget.EditText[@resource-id="br.com.intelbras.guardian:id/nameEditText"]</msg>
<arg>xpath=//android.widget.EditText[@resource-id="br.com.intelbras.guardian:id/nameEditText"]</arg>
<arg>teste123</arg>
<doc>Types the given `text` into text field identified by `locator`.</doc>
<status status="PASS" start="2025-05-30T13:57:05.080990" elapsed="1.133725"/>
</kw>
<kw name="Wait Until Element Is Visible" owner="AppiumLibrary">
<msg time="2025-05-30T13:57:07.145549" level="INFO">xpath criteria: //android.widget.EditText[@resource-id="br.com.intelbras.guardian:id/colorEditText"]</msg>
<arg>xpath=//android.widget.EditText[@resource-id="br.com.intelbras.guardian:id/colorEditText"]</arg>
<arg>40s</arg>
<doc>Waits until element specified with `locator` is visible.</doc>
<status status="PASS" start="2025-05-30T13:57:06.215014" elapsed="0.930599"/>
</kw>
<kw name="Click Element" owner="AppiumLibrary">
<msg time="2025-05-30T13:57:07.146568" level="INFO">Clicking element 'xpath=//android.widget.EditText[@resource-id="br.com.intelbras.guardian:id/colorEditText"]'.</msg>
<msg time="2025-05-30T13:57:07.564147" level="INFO">xpath criteria: //android.widget.EditText[@resource-id="br.com.intelbras.guardian:id/colorEditText"]</msg>
<arg>xpath=//android.widget.EditText[@resource-id="br.com.intelbras.guardian:id/colorEditText"]</arg>
<doc>Click element identified by `locator`.</doc>
<status status="PASS" start="2025-05-30T13:57:07.145882" elapsed="0.418322"/>
</kw>
<kw name="Wait Until Element Is Visible" owner="AppiumLibrary">
<msg time="2025-05-30T13:57:08.240980" level="INFO">xpath criteria: //android.widget.RelativeLayout[@content-desc="COLOR-PURPLE"]</msg>
<arg>xpath=//android.widget.RelativeLayout[@content-desc="COLOR-PURPLE"]</arg>
<arg>40s</arg>
<doc>Waits until element specified with `locator` is visible.</doc>
<status status="PASS" start="2025-05-30T13:57:07.564848" elapsed="0.676189"/>
</kw>
<kw name="Click Element" owner="AppiumLibrary">
<msg time="2025-05-30T13:57:08.241965" level="INFO">Clicking element 'xpath=//android.widget.RelativeLayout[@content-desc="COLOR-PURPLE"]'.</msg>
<msg time="2025-05-30T13:57:08.849465" level="INFO">xpath criteria: //android.widget.RelativeLayout[@content-desc="COLOR-PURPLE"]</msg>
<arg>xpath=//android.widget.RelativeLayout[@content-desc="COLOR-PURPLE"]</arg>
<doc>Click element identified by `locator`.</doc>
<status status="PASS" start="2025-05-30T13:57:08.241289" elapsed="0.608241"/>
</kw>
<kw name="Wait Until Element Is Visible" owner="AppiumLibrary">
<msg time="2025-05-30T13:57:10.101482" level="INFO">xpath criteria: //android.widget.Button[@resource-id="br.com.intelbras.guardian:id/nextButton"]</msg>
<arg>xpath=//android.widget.Button[@resource-id="br.com.intelbras.guardian:id/nextButton"]</arg>
<arg>40s</arg>
<doc>Waits until element specified with `locator` is visible.</doc>
<status status="PASS" start="2025-05-30T13:57:08.849783" elapsed="1.251763"/>
</kw>
<kw name="Click Element" owner="AppiumLibrary">
<msg time="2025-05-30T13:57:10.102479" level="INFO">Clicking element 'xpath=//android.widget.Button[@resource-id="br.com.intelbras.guardian:id/nextButton"]'.</msg>
<msg time="2025-05-30T13:57:10.509963" level="INFO">xpath criteria: //android.widget.Button[@resource-id="br.com.intelbras.guardian:id/nextButton"]</msg>
<arg>xpath=//android.widget.Button[@resource-id="br.com.intelbras.guardian:id/nextButton"]</arg>
<doc>Click element identified by `locator`.</doc>
<status status="PASS" start="2025-05-30T13:57:10.101803" elapsed="0.408220"/>
</kw>
<kw name="Wait Until Element Is Visible" owner="AppiumLibrary">
<msg time="2025-05-30T13:57:11.275204" level="INFO">xpath criteria: //android.view.View[@resource-id="br.com.intelbras.guardian:id/clickableArea"]</msg>
<arg>xpath=//android.view.View[@resource-id="br.com.intelbras.guardian:id/clickableArea"]</arg>
<arg>40s</arg>
<doc>Waits until element specified with `locator` is visible.</doc>
<status status="PASS" start="2025-05-30T13:57:10.510276" elapsed="0.764994"/>
</kw>
<kw name="Click Element" owner="AppiumLibrary">
<msg time="2025-05-30T13:57:11.276358" level="INFO">Clicking element 'xpath=//android.view.View[@resource-id="br.com.intelbras.guardian:id/clickableArea"]'.</msg>
<msg time="2025-05-30T13:57:12.365240" level="INFO">xpath criteria: //android.view.View[@resource-id="br.com.intelbras.guardian:id/clickableArea"]</msg>
<arg>xpath=//android.view.View[@resource-id="br.com.intelbras.guardian:id/clickableArea"]</arg>
<doc>Click element identified by `locator`.</doc>
<status status="PASS" start="2025-05-30T13:57:11.275533" elapsed="1.089766"/>
</kw>
<kw name="Wait Until Element Is Visible" owner="AppiumLibrary">
<msg time="2025-05-30T13:57:12.754969" level="INFO">xpath criteria: (//android.view.View[@resource-id="br.com.intelbras.guardian:id/clickableArea"])[2]</msg>
<arg>xpath=(//android.view.View[@resource-id="br.com.intelbras.guardian:id/clickableArea"])[2]</arg>
<arg>40s</arg>
<doc>Waits until element specified with `locator` is visible.</doc>
<status status="PASS" start="2025-05-30T13:57:12.365564" elapsed="0.389461"/>
</kw>
<kw name="Click Element" owner="AppiumLibrary">
<msg time="2025-05-30T13:57:12.755965" level="INFO">Clicking element 'xpath=(//android.view.View[@resource-id="br.com.intelbras.guardian:id/clickableArea"])[2]'.</msg>
<msg time="2025-05-30T13:57:13.157992" level="INFO">xpath criteria: (//android.view.View[@resource-id="br.com.intelbras.guardian:id/clickableArea"])[2]</msg>
<arg>xpath=(//android.view.View[@resource-id="br.com.intelbras.guardian:id/clickableArea"])[2]</arg>
<doc>Click element identified by `locator`.</doc>
<status status="PASS" start="2025-05-30T13:57:12.755290" elapsed="0.402780"/>
</kw>
<kw name="Wait Until Element Is Visible" owner="AppiumLibrary">
<msg time="2025-05-30T13:57:13.969817" level="INFO">xpath criteria: //android.widget.Button[@resource-id="br.com.intelbras.guardian:id/nextButton"]</msg>
<arg>xpath=//android.widget.Button[@resource-id="br.com.intelbras.guardian:id/nextButton"]</arg>
<arg>40s</arg>
<doc>Waits until element specified with `locator` is visible.</doc>
<status status="PASS" start="2025-05-30T13:57:13.158621" elapsed="0.811251"/>
</kw>
<kw name="Click Element" owner="AppiumLibrary">
<msg time="2025-05-30T13:57:13.970806" level="INFO">Clicking element 'xpath=//android.widget.Button[@resource-id="br.com.intelbras.guardian:id/nextButton"]'.</msg>
<msg time="2025-05-30T13:57:14.384777" level="INFO">xpath criteria: //android.widget.Button[@resource-id="br.com.intelbras.guardian:id/nextButton"]</msg>
<arg>xpath=//android.widget.Button[@resource-id="br.com.intelbras.guardian:id/nextButton"]</arg>
<doc>Click element identified by `locator`.</doc>
<status status="PASS" start="2025-05-30T13:57:13.970129" elapsed="0.414703"/>
</kw>
<kw name="Logo dashboard view" owner="keywords">
<kw name="Wait Until Element Is Visible" owner="AppiumLibrary">
<msg time="2025-05-30T13:57:16.433312" level="INFO">criteria is br.com.intelbras.guardian:id/intelbrasLogoView
criteria is br.com.intelbras.guardian:id/intelbrasLogoView</msg>
<arg>id=br.com.intelbras.guardian:id/intelbrasLogoView</arg>
<arg>40s</arg>
<doc>Waits until element specified with `locator` is visible.</doc>
<status status="PASS" start="2025-05-30T13:57:14.385330" elapsed="2.048038"/>
</kw>
<status status="PASS" start="2025-05-30T13:57:14.385135" elapsed="2.048334"/>
</kw>
<kw name="Close app" owner="keywords">
<kw name="Close Application" owner="AppiumLibrary">
<doc>Closes the current application and also close webdriver session.</doc>
<status status="PASS" start="2025-05-30T13:57:16.433928" elapsed="0.612046"/>
</kw>
<status status="PASS" start="2025-05-30T13:57:16.433723" elapsed="0.612335"/>
</kw>
<tag>add-group</tag>
<status status="PASS" start="2025-05-30T13:56:46.378563" elapsed="30.667718"/>
</test>
<status status="PASS" start="2025-05-30T13:56:46.375263" elapsed="30.671421"/>
</suite>
<status status="PASS" start="2025-05-30T13:55:16.690794" elapsed="120.356306"/>
</suite>
<statistics>
<total>
<stat pass="3" fail="0" skip="0">All Tests</stat>
</total>
<tag>
<stat pass="1" fail="0" skip="0">add-group</stat>
<stat pass="1" fail="0" skip="0">add-rule</stat>
<stat pass="1" fail="0" skip="0">login</stat>
</tag>
<suite>
<stat name="2-Rules &amp; 3-Group" id="s1" pass="3" fail="0" skip="0">2-Rules &amp; 3-Group</stat>
<stat name="2-Rules" id="s1-s1" pass="2" fail="0" skip="0">2-Rules &amp; 3-Group.2-Rules</stat>
<stat name="3-Group" id="s1-s2" pass="1" fail="0" skip="0">2-Rules &amp; 3-Group.3-Group</stat>
</suite>
</statistics>
<errors>
</errors>
</robot>
